<?xml version="1.0" encoding="UTF-8"?>
<!-- Generated by org.testng.reporters.JUnitXMLReporter -->
<testsuite ignored="0" hostname="WIN-0960QI77CVH" failures="0" tests="3" name="Test1" time="21.161" errors="0" timestamp="2022-05-17T21:23:34 AMT">
  <testcase classname="test.Test4_RadarMainPageObjectsTestNG" name="radarSearchTest" time="4.568"/>
  <testcase classname="test.Test6_TestNG_ExtentReports" name="test1" time="7.04"/>
  <testcase classname="test.Test6_TestNG_ExtentReports" name="test2" time="4.946"/>
</testsuite> <!-- Test1 -->
