<?xml version="1.0" encoding="UTF-8"?>
<!-- Generated by org.testng.reporters.JUnitXMLReporter -->
<testsuite ignored="2" hostname="WIN-0960QI77CVH" failures="0" tests="2" name="Default test(failed)(failed)" time="0.042" errors="0" timestamp="2022-05-23T23:12:43 AMT">
  <testcase classname="demo.TestNG_RerunFailedDemo" name="test4" time="0.009"/>
  <testcase classname="demo.TestNG_RerunFailedDemo" name="test2" time="0.001"/>
  <testcase classname="demo.TestNG_RerunFailedDemo" name="test1" time="0.0">
    <ignored/>
  </testcase> <!-- test1 -->
  <testcase classname="demo.TestNG_RerunFailedDemo" name="test3" time="0.0">
    <ignored/>
  </testcase> <!-- test3 -->
</testsuite> <!-- Default test(failed)(failed) -->
