<?xml version="1.0" encoding="UTF-8"?>
<!-- Generated by org.testng.reporters.JUnitXMLReporter -->
<testsuite ignored="0" hostname="WIN-0960QI77CVH" failures="0" tests="5" name="Test1" time="0.041" errors="0" timestamp="2022-05-21T18:39:21 AMT">
  <testcase classname="demo.TestNGGroupsDemo" name="test1" time="0.005"/>
  <testcase classname="demo.TestNGGroupsDemo" name="test2" time="0.001"/>
  <testcase classname="demo.TestNGGroupsDemo" name="test3" time="0.001"/>
  <testcase classname="demo.TestNGGroupsDemo" name="test4" time="0.001"/>
  <testcase classname="demo.TestNGGroupsDemo" name="test5" time="0.001"/>
</testsuite> <!-- Test1 -->
