<?xml version="1.0" encoding="UTF-8"?>
<!-- Generated by org.testng.reporters.JUnitXMLReporter -->
<testsuite ignored="0" hostname="WIN-0960QI77CVH" failures="0" tests="5" name="Test1" time="0.038" errors="0" timestamp="2022-05-31T21:39:36 AMT">
  <testcase classname="demo.TestNG_GroupsDemo" name="test1" time="0.008"/>
  <testcase classname="demo.TestNG_GroupsDemo" name="test2" time="0.0"/>
  <testcase classname="demo.TestNG_GroupsDemo" name="test3" time="0.0"/>
  <testcase classname="demo.TestNG_GroupsDemo" name="test4" time="0.001"/>
  <testcase classname="demo.TestNG_GroupsDemo" name="test5" time="0.0"/>
</testsuite> <!-- Test1 -->
